# JRE version: OpenJDK Runtime Environment (17.0.9) (build 17.0.9+0--11185874)
# Java VM: OpenJDK 64-Bit Server VM (17.0.9+0--11185874, mixed mode, tiered, compressed oops, compressed class ptrs, g1 gc, windows-amd64)
GC Precious Log:
 CPUs: 12 total, 12 available
 Memory: 7521M
 Large Page Support: Disabled
 NUMA Support: Disabled
 Compressed Oops: Enabled (32-bit)
 Heap Region Size: 1M
 Heap Min Capacity: 8M
 Heap Initial Capacity: 118M
 Heap Max Capacity: 2G
 Pre-touch: Disabled
 Parallel Workers: 10
 Concurrent Workers: 3
 Concurrent Refinement Workers: 10
 Periodic GC: Disabled
Heap:
 garbage-first heap   total 331776K, used 266032K [0x0000000080000000, 0x0000000100000000)
  region size 1024K, 2 young (2048K), 1 survivors (1024K)
 Metaspace       used 127140K, committed 128320K, reserved 1179648K
  class space    used 16895K, committed 17472K, reserved 1048576K
GC Heap History (20 events):
Event: 128.578 GC heap before
{Heap before GC invocations=59 (full 0):
 garbage-first heap   total 331776K, used 278831K [0x0000000080000000, 0x0000000100000000)
  region size 1024K, 64 young (65536K), 11 survivors (11264K)
 Metaspace       used 122097K, committed 123328K, reserved 1179648K
  class space    used 16454K, committed 17088K, reserved 1048576K
}
Event: 128.597 GC heap after
{Heap after GC invocations=60 (full 0):
 garbage-first heap   total 331776K, used 234962K [0x0000000080000000, 0x0000000100000000)
  region size 1024K, 8 young (8192K), 8 survivors (8192K)
 Metaspace       used 122097K, committed 123328K, reserved 1179648K
  class space    used 16454K, committed 17088K, reserved 1048576K
}
Event: 129.450 GC heap before
{Heap before GC invocations=60 (full 0):
 garbage-first heap   total 331776K, used 302546K [0x0000000080000000, 0x0000000100000000)
  region size 1024K, 47 young (48128K), 8 survivors (8192K)
 Metaspace       used 122435K, committed 123648K, reserved 1179648K
  class space    used 16479K, committed 17088K, reserved 1048576K
}
Event: 129.461 GC heap after
{Heap after GC invocations=61 (full 0):
 garbage-first heap   total 331776K, used 239705K [0x0000000080000000, 0x0000000100000000)
  region size 1024K, 4 young (4096K), 4 survivors (4096K)
 Metaspace       used 122435K, committed 123648K, reserved 1179648K
  class space    used 16479K, committed 17088K, reserved 1048576K
}
Event: 129.609 GC heap before
{Heap before GC invocations=61 (full 0):
 garbage-first heap   total 331776K, used 276569K [0x0000000080000000, 0x0000000100000000)
  region size 1024K, 41 young (41984K), 4 survivors (4096K)
 Metaspace       used 122614K, committed 123840K, reserved 1179648K
  class space    used 16494K, committed 17088K, reserved 1048576K
}
Event: 129.625 GC heap after
{Heap after GC invocations=62 (full 0):
 garbage-first heap   total 331776K, used 248062K [0x0000000080000000, 0x0000000100000000)
  region size 1024K, 6 young (6144K), 6 survivors (6144K)
 Metaspace       used 122614K, committed 123840K, reserved 1179648K
  class space    used 16494K, committed 17088K, reserved 1048576K
}
Event: 130.236 GC heap before
{Heap before GC invocations=62 (full 0):
 garbage-first heap   total 331776K, used 278782K [0x0000000080000000, 0x0000000100000000)
  region size 1024K, 37 young (37888K), 6 survivors (6144K)
 Metaspace       used 123708K, committed 124928K, reserved 1179648K
  class space    used 16578K, committed 17216K, reserved 1048576K
}
Event: 130.245 GC heap after
{Heap after GC invocations=63 (full 0):
 garbage-first heap   total 331776K, used 254415K [0x0000000080000000, 0x0000000100000000)
  region size 1024K, 5 young (5120K), 5 survivors (5120K)
 Metaspace       used 123708K, committed 124928K, reserved 1179648K
  class space    used 16578K, committed 17216K, reserved 1048576K
}
Event: 130.594 GC heap before
{Heap before GC invocations=63 (full 0):
 garbage-first heap   total 331776K, used 282063K [0x0000000080000000, 0x0000000100000000)
  region size 1024K, 33 young (33792K), 5 survivors (5120K)
 Metaspace       used 124420K, committed 125696K, reserved 1179648K
  class space    used 16646K, committed 17280K, reserved 1048576K
}
Event: 130.602 GC heap after
{Heap after GC invocations=64 (full 0):
 garbage-first heap   total 331776K, used 259504K [0x0000000080000000, 0x0000000100000000)
  region size 1024K, 5 young (5120K), 5 survivors (5120K)
 Metaspace       used 124420K, committed 125696K, reserved 1179648K
  class space    used 16646K, committed 17280K, reserved 1048576K
}
Event: 131.437 GC heap before
{Heap before GC invocations=64 (full 0):
 garbage-first heap   total 331776K, used 284080K [0x0000000080000000, 0x0000000100000000)
  region size 1024K, 30 young (30720K), 5 survivors (5120K)
 Metaspace       used 126153K, committed 127360K, reserved 1179648K
  class space    used 16820K, committed 17408K, reserved 1048576K
}
Event: 131.444 GC heap after
{Heap after GC invocations=65 (full 0):
 garbage-first heap   total 331776K, used 262826K [0x0000000080000000, 0x0000000100000000)
  region size 1024K, 4 young (4096K), 4 survivors (4096K)
 Metaspace       used 126153K, committed 127360K, reserved 1179648K
  class space    used 16820K, committed 17408K, reserved 1048576K
}
Event: 131.566 GC heap before
{Heap before GC invocations=65 (full 0):
 garbage-first heap   total 331776K, used 285354K [0x0000000080000000, 0x0000000100000000)
  region size 1024K, 26 young (26624K), 4 survivors (4096K)
 Metaspace       used 126344K, committed 127616K, reserved 1179648K
  class space    used 16836K, committed 17472K, reserved 1048576K
}
Event: 131.573 GC heap after
{Heap after GC invocations=66 (full 0):
 garbage-first heap   total 331776K, used 264268K [0x0000000080000000, 0x0000000100000000)
  region size 1024K, 3 young (3072K), 3 survivors (3072K)
 Metaspace       used 126344K, committed 127616K, reserved 1179648K
  class space    used 16836K, committed 17472K, reserved 1048576K
}
Event: 131.697 GC heap before
{Heap before GC invocations=66 (full 0):
 garbage-first heap   total 331776K, used 285772K [0x0000000080000000, 0x0000000100000000)
  region size 1024K, 25 young (25600K), 3 survivors (3072K)
 Metaspace       used 126477K, committed 127744K, reserved 1179648K
  class space    used 16850K, committed 17472K, reserved 1048576K
}
Event: 131.702 GC heap after
{Heap after GC invocations=67 (full 0):
 garbage-first heap   total 331776K, used 266586K [0x0000000080000000, 0x0000000100000000)
  region size 1024K, 4 young (4096K), 4 survivors (4096K)
 Metaspace       used 126477K, committed 127744K, reserved 1179648K
  class space    used 16850K, committed 17472K, reserved 1048576K
}
Event: 131.929 GC heap before
{Heap before GC invocations=67 (full 0):
 garbage-first heap   total 331776K, used 286042K [0x0000000080000000, 0x0000000100000000)
  region size 1024K, 24 young (24576K), 4 survivors (4096K)
 Metaspace       used 126795K, committed 128064K, reserved 1179648K
  class space    used 16878K, committed 17472K, reserved 1048576K
}
Event: 131.933 GC heap after
{Heap after GC invocations=68 (full 0):
 garbage-first heap   total 331776K, used 266978K [0x0000000080000000, 0x0000000100000000)
  region size 1024K, 2 young (2048K), 2 survivors (2048K)
 Metaspace       used 126795K, committed 128064K, reserved 1179648K
  class space    used 16878K, committed 17472K, reserved 1048576K
}
Event: 133.201 GC heap before
{Heap before GC invocations=68 (full 0):
 garbage-first heap   total 331776K, used 286434K [0x0000000080000000, 0x0000000100000000)
  region size 1024K, 22 young (22528K), 2 survivors (2048K)
 Metaspace       used 127086K, committed 128320K, reserved 1179648K
  class space    used 16895K, committed 17472K, reserved 1048576K
}
Event: 133.203 GC heap after
{Heap after GC invocations=69 (full 0):
 garbage-first heap   total 331776K, used 266303K [0x0000000080000000, 0x0000000100000000)
  region size 1024K, 1 young (1024K), 1 survivors (1024K)
 Metaspace       used 127086K, committed 128320K, reserved 1179648K
  class space    used 16895K, committed 17472K, reserved 1048576K
}

